[2022-04-06 18:04:24,176] {taskinstance.py:1043} INFO - Dependencies all met for <TaskInstance: send_mail.sendmail manual__2022-04-06T18:04:22.961289+00:00 [queued]>
[2022-04-06 18:04:24,186] {taskinstance.py:1043} INFO - Dependencies all met for <TaskInstance: send_mail.sendmail manual__2022-04-06T18:04:22.961289+00:00 [queued]>
[2022-04-06 18:04:24,186] {taskinstance.py:1249} INFO - 
--------------------------------------------------------------------------------
[2022-04-06 18:04:24,187] {taskinstance.py:1250} INFO - Starting attempt 1 of 1
[2022-04-06 18:04:24,187] {taskinstance.py:1251} INFO - 
--------------------------------------------------------------------------------
[2022-04-06 18:04:24,197] {taskinstance.py:1270} INFO - Executing <Task(PythonOperator): sendmail> on 2022-04-06 18:04:22.961289+00:00
[2022-04-06 18:04:24,202] {standard_task_runner.py:52} INFO - Started process 2393 to run task
[2022-04-06 18:04:24,204] {standard_task_runner.py:79} INFO - Running: ['***', 'tasks', 'run', 'send_mail', 'sendmail', 'manual__2022-04-06T18:04:22.961289+00:00', '--job-id', '25', '--raw', '--subdir', 'DAGS_FOLDER/send_mail_dag.py', '--cfg-path', '/tmp/tmpio28bc2y', '--error-file', '/tmp/tmptxal6081']
[2022-04-06 18:04:24,204] {standard_task_runner.py:80} INFO - Job 25: Subtask sendmail
[2022-04-06 18:04:24,256] {logging_mixin.py:109} INFO - Running <TaskInstance: send_mail.sendmail manual__2022-04-06T18:04:22.961289+00:00 [running]> on host 669712b97f52
[2022-04-06 18:04:24,305] {taskinstance.py:1448} INFO - Exporting the following env vars:
AIRFLOW_CTX_DAG_OWNER=***
AIRFLOW_CTX_DAG_ID=send_mail
AIRFLOW_CTX_TASK_ID=sendmail
AIRFLOW_CTX_EXECUTION_DATE=2022-04-06T18:04:22.961289+00:00
AIRFLOW_CTX_DAG_RUN_ID=manual__2022-04-06T18:04:22.961289+00:00
[2022-04-06 18:04:27,534] {logging_mixin.py:109} INFO - Email sent!
[2022-04-06 18:04:27,534] {python.py:175} INFO - Done. Returned value was: None
[2022-04-06 18:04:27,570] {taskinstance.py:1288} INFO - Marking task as SUCCESS. dag_id=send_mail, task_id=sendmail, execution_date=20220406T180422, start_date=20220406T180424, end_date=20220406T180427
[2022-04-06 18:04:27,628] {local_task_job.py:154} INFO - Task exited with return code 0
[2022-04-06 18:04:27,658] {local_task_job.py:264} INFO - 0 downstream tasks scheduled from follow-on schedule check
