[2022-04-06 17:59:45,773] {taskinstance.py:1043} INFO - Dependencies all met for <TaskInstance: send_mail.sendmail manual__2022-04-06T17:59:45.157134+00:00 [queued]>
[2022-04-06 17:59:45,784] {taskinstance.py:1043} INFO - Dependencies all met for <TaskInstance: send_mail.sendmail manual__2022-04-06T17:59:45.157134+00:00 [queued]>
[2022-04-06 17:59:45,784] {taskinstance.py:1249} INFO - 
--------------------------------------------------------------------------------
[2022-04-06 17:59:45,784] {taskinstance.py:1250} INFO - Starting attempt 1 of 1
[2022-04-06 17:59:45,784] {taskinstance.py:1251} INFO - 
--------------------------------------------------------------------------------
[2022-04-06 17:59:45,796] {taskinstance.py:1270} INFO - Executing <Task(PythonOperator): sendmail> on 2022-04-06 17:59:45.157134+00:00
[2022-04-06 17:59:45,801] {standard_task_runner.py:52} INFO - Started process 2189 to run task
[2022-04-06 17:59:45,804] {standard_task_runner.py:79} INFO - Running: ['***', 'tasks', 'run', 'send_mail', 'sendmail', 'manual__2022-04-06T17:59:45.157134+00:00', '--job-id', '22', '--raw', '--subdir', 'DAGS_FOLDER/send_mail_dag.py', '--cfg-path', '/tmp/tmpvi7psjqt', '--error-file', '/tmp/tmpqtpft30b']
[2022-04-06 17:59:45,805] {standard_task_runner.py:80} INFO - Job 22: Subtask sendmail
[2022-04-06 17:59:45,858] {logging_mixin.py:109} INFO - Running <TaskInstance: send_mail.sendmail manual__2022-04-06T17:59:45.157134+00:00 [running]> on host 669712b97f52
[2022-04-06 17:59:45,910] {taskinstance.py:1448} INFO - Exporting the following env vars:
AIRFLOW_CTX_DAG_OWNER=***
AIRFLOW_CTX_DAG_ID=send_mail
AIRFLOW_CTX_TASK_ID=sendmail
AIRFLOW_CTX_EXECUTION_DATE=2022-04-06T17:59:45.157134+00:00
AIRFLOW_CTX_DAG_RUN_ID=manual__2022-04-06T17:59:45.157134+00:00
[2022-04-06 17:59:49,322] {logging_mixin.py:109} INFO - Email sent!
[2022-04-06 17:59:49,322] {python.py:175} INFO - Done. Returned value was: None
[2022-04-06 17:59:49,334] {taskinstance.py:1288} INFO - Marking task as SUCCESS. dag_id=send_mail, task_id=sendmail, execution_date=20220406T175945, start_date=20220406T175945, end_date=20220406T175949
[2022-04-06 17:59:49,385] {local_task_job.py:154} INFO - Task exited with return code 0
[2022-04-06 17:59:49,419] {local_task_job.py:264} INFO - 0 downstream tasks scheduled from follow-on schedule check
