[2022-04-06 17:58:35,205] {taskinstance.py:1043} INFO - Dependencies all met for <TaskInstance: send_mail.sendmail scheduled__2022-04-06T17:56:34.486970+00:00 [queued]>
[2022-04-06 17:58:35,220] {taskinstance.py:1043} INFO - Dependencies all met for <TaskInstance: send_mail.sendmail scheduled__2022-04-06T17:56:34.486970+00:00 [queued]>
[2022-04-06 17:58:35,221] {taskinstance.py:1249} INFO - 
--------------------------------------------------------------------------------
[2022-04-06 17:58:35,221] {taskinstance.py:1250} INFO - Starting attempt 1 of 1
[2022-04-06 17:58:35,221] {taskinstance.py:1251} INFO - 
--------------------------------------------------------------------------------
[2022-04-06 17:58:35,242] {taskinstance.py:1270} INFO - Executing <Task(PythonOperator): sendmail> on 2022-04-06 17:56:34.486970+00:00
[2022-04-06 17:58:35,262] {standard_task_runner.py:52} INFO - Started process 2130 to run task
[2022-04-06 17:58:35,266] {standard_task_runner.py:79} INFO - Running: ['***', 'tasks', 'run', 'send_mail', 'sendmail', 'scheduled__2022-04-06T17:56:34.486970+00:00', '--job-id', '21', '--raw', '--subdir', 'DAGS_FOLDER/send_mail_dag.py', '--cfg-path', '/tmp/tmpy68g7uu7', '--error-file', '/tmp/tmpiz2perlu']
[2022-04-06 17:58:35,266] {standard_task_runner.py:80} INFO - Job 21: Subtask sendmail
[2022-04-06 17:58:35,326] {logging_mixin.py:109} INFO - Running <TaskInstance: send_mail.sendmail scheduled__2022-04-06T17:56:34.486970+00:00 [running]> on host 669712b97f52
[2022-04-06 17:58:35,374] {taskinstance.py:1448} INFO - Exporting the following env vars:
AIRFLOW_CTX_DAG_OWNER=***
AIRFLOW_CTX_DAG_ID=send_mail
AIRFLOW_CTX_TASK_ID=sendmail
AIRFLOW_CTX_EXECUTION_DATE=2022-04-06T17:56:34.486970+00:00
AIRFLOW_CTX_DAG_RUN_ID=scheduled__2022-04-06T17:56:34.486970+00:00
[2022-04-06 17:58:38,937] {logging_mixin.py:109} INFO - Email sent!
[2022-04-06 17:58:38,937] {python.py:175} INFO - Done. Returned value was: None
[2022-04-06 17:58:38,964] {taskinstance.py:1288} INFO - Marking task as SUCCESS. dag_id=send_mail, task_id=sendmail, execution_date=20220406T175634, start_date=20220406T175835, end_date=20220406T175838
[2022-04-06 17:58:39,010] {local_task_job.py:154} INFO - Task exited with return code 0
[2022-04-06 17:58:39,043] {local_task_job.py:264} INFO - 0 downstream tasks scheduled from follow-on schedule check
