[2022-04-06 18:04:56,665] {taskinstance.py:1043} INFO - Dependencies all met for <TaskInstance: send_mail.sendmail scheduled__2022-04-06T18:02:56.132935+00:00 [queued]>
[2022-04-06 18:04:56,674] {taskinstance.py:1043} INFO - Dependencies all met for <TaskInstance: send_mail.sendmail scheduled__2022-04-06T18:02:56.132935+00:00 [queued]>
[2022-04-06 18:04:56,674] {taskinstance.py:1249} INFO - 
--------------------------------------------------------------------------------
[2022-04-06 18:04:56,674] {taskinstance.py:1250} INFO - Starting attempt 1 of 1
[2022-04-06 18:04:56,674] {taskinstance.py:1251} INFO - 
--------------------------------------------------------------------------------
[2022-04-06 18:04:56,685] {taskinstance.py:1270} INFO - Executing <Task(PythonOperator): sendmail> on 2022-04-06 18:02:56.132935+00:00
[2022-04-06 18:04:56,689] {standard_task_runner.py:52} INFO - Started process 2414 to run task
[2022-04-06 18:04:56,691] {standard_task_runner.py:79} INFO - Running: ['***', 'tasks', 'run', 'send_mail', 'sendmail', 'scheduled__2022-04-06T18:02:56.132935+00:00', '--job-id', '26', '--raw', '--subdir', 'DAGS_FOLDER/send_mail_dag.py', '--cfg-path', '/tmp/tmpkmrg03cg', '--error-file', '/tmp/tmpkw3cj5oi']
[2022-04-06 18:04:56,692] {standard_task_runner.py:80} INFO - Job 26: Subtask sendmail
[2022-04-06 18:04:56,739] {logging_mixin.py:109} INFO - Running <TaskInstance: send_mail.sendmail scheduled__2022-04-06T18:02:56.132935+00:00 [running]> on host 669712b97f52
[2022-04-06 18:04:56,792] {taskinstance.py:1448} INFO - Exporting the following env vars:
AIRFLOW_CTX_DAG_OWNER=***
AIRFLOW_CTX_DAG_ID=send_mail
AIRFLOW_CTX_TASK_ID=sendmail
AIRFLOW_CTX_EXECUTION_DATE=2022-04-06T18:02:56.132935+00:00
AIRFLOW_CTX_DAG_RUN_ID=scheduled__2022-04-06T18:02:56.132935+00:00
[2022-04-06 18:05:00,026] {logging_mixin.py:109} INFO - Email sent!
[2022-04-06 18:05:00,026] {python.py:175} INFO - Done. Returned value was: None
[2022-04-06 18:05:00,038] {taskinstance.py:1288} INFO - Marking task as SUCCESS. dag_id=send_mail, task_id=sendmail, execution_date=20220406T180256, start_date=20220406T180456, end_date=20220406T180500
[2022-04-06 18:05:00,072] {local_task_job.py:154} INFO - Task exited with return code 0
[2022-04-06 18:05:00,100] {local_task_job.py:264} INFO - 0 downstream tasks scheduled from follow-on schedule check
